  Game.cpp
C:\SP-Project\Flappy-Bird-main\Flappy Bird\Game.cpp(1811,40): warning C4244: 'initializing': conversion from 'T' to 'float', possible loss of data
C:\SP-Project\Flappy-Bird-main\Flappy Bird\Game.cpp(1811,40): warning C4244:         with
C:\SP-Project\Flappy-Bird-main\Flappy Bird\Game.cpp(1811,40): warning C4244:         [
C:\SP-Project\Flappy-Bird-main\Flappy Bird\Game.cpp(1811,40): warning C4244:             T=unsigned int
C:\SP-Project\Flappy-Bird-main\Flappy Bird\Game.cpp(1811,40): warning C4244:         ]
C:\SP-Project\Flappy-Bird-main\Flappy Bird\Game.cpp(1811,22): warning C4244: 'initializing': conversion from 'T' to 'const float', possible loss of data
C:\SP-Project\Flappy-Bird-main\Flappy Bird\Game.cpp(1811,22): warning C4244:         with
C:\SP-Project\Flappy-Bird-main\Flappy Bird\Game.cpp(1811,22): warning C4244:         [
C:\SP-Project\Flappy-Bird-main\Flappy Bird\Game.cpp(1811,22): warning C4244:             T=unsigned int
C:\SP-Project\Flappy-Bird-main\Flappy Bird\Game.cpp(1811,22): warning C4244:         ]
C:\SP-Project\Flappy-Bird-main\Flappy Bird\Game.cpp(1812,40): warning C4244: 'initializing': conversion from 'T' to 'float', possible loss of data
C:\SP-Project\Flappy-Bird-main\Flappy Bird\Game.cpp(1812,40): warning C4244:         with
C:\SP-Project\Flappy-Bird-main\Flappy Bird\Game.cpp(1812,40): warning C4244:         [
C:\SP-Project\Flappy-Bird-main\Flappy Bird\Game.cpp(1812,40): warning C4244:             T=unsigned int
C:\SP-Project\Flappy-Bird-main\Flappy Bird\Game.cpp(1812,40): warning C4244:         ]
C:\SP-Project\Flappy-Bird-main\Flappy Bird\Game.cpp(1812,22): warning C4244: 'initializing': conversion from 'T' to 'const float', possible loss of data
C:\SP-Project\Flappy-Bird-main\Flappy Bird\Game.cpp(1812,22): warning C4244:         with
C:\SP-Project\Flappy-Bird-main\Flappy Bird\Game.cpp(1812,22): warning C4244:         [
C:\SP-Project\Flappy-Bird-main\Flappy Bird\Game.cpp(1812,22): warning C4244:             T=unsigned int
C:\SP-Project\Flappy-Bird-main\Flappy Bird\Game.cpp(1812,22): warning C4244:         ]
C:\SP-Project\Flappy-Bird-main\Flappy Bird\Game.cpp(1849,71): warning C4244: 'argument': conversion from 'T' to 'T', possible loss of data
C:\SP-Project\Flappy-Bird-main\Flappy Bird\Game.cpp(1849,71): warning C4244:         with
C:\SP-Project\Flappy-Bird-main\Flappy Bird\Game.cpp(1849,71): warning C4244:         [
C:\SP-Project\Flappy-Bird-main\Flappy Bird\Game.cpp(1849,71): warning C4244:             T=unsigned int
C:\SP-Project\Flappy-Bird-main\Flappy Bird\Game.cpp(1849,71): warning C4244:         ]
C:\SP-Project\Flappy-Bird-main\Flappy Bird\Game.cpp(1849,71): warning C4244:         and
C:\SP-Project\Flappy-Bird-main\Flappy Bird\Game.cpp(1849,71): warning C4244:         [
C:\SP-Project\Flappy-Bird-main\Flappy Bird\Game.cpp(1849,71): warning C4244:             T=float
C:\SP-Project\Flappy-Bird-main\Flappy Bird\Game.cpp(1849,71): warning C4244:         ]
C:\SP-Project\Flappy-Bird-main\Flappy Bird\Game.cpp(1849,51): warning C4244: 'argument': conversion from 'T' to 'T', possible loss of data
C:\SP-Project\Flappy-Bird-main\Flappy Bird\Game.cpp(1849,51): warning C4244:         with
C:\SP-Project\Flappy-Bird-main\Flappy Bird\Game.cpp(1849,51): warning C4244:         [
C:\SP-Project\Flappy-Bird-main\Flappy Bird\Game.cpp(1849,51): warning C4244:             T=unsigned int
C:\SP-Project\Flappy-Bird-main\Flappy Bird\Game.cpp(1849,51): warning C4244:         ]
C:\SP-Project\Flappy-Bird-main\Flappy Bird\Game.cpp(1849,51): warning C4244:         and
C:\SP-Project\Flappy-Bird-main\Flappy Bird\Game.cpp(1849,51): warning C4244:         [
C:\SP-Project\Flappy-Bird-main\Flappy Bird\Game.cpp(1849,51): warning C4244:             T=float
C:\SP-Project\Flappy-Bird-main\Flappy Bird\Game.cpp(1849,51): warning C4244:         ]
C:\SP-Project\Flappy-Bird-main\Flappy Bird\Game.cpp(1891,39): warning C4244: 'argument': conversion from 'int' to 'float', possible loss of data
C:\SP-Project\Flappy-Bird-main\Flappy Bird\Game.cpp(1947,43): warning C4244: 'argument': conversion from 'int' to 'float', possible loss of data
C:\SP-Project\Flappy-Bird-main\Flappy Bird\Game.cpp(1985,38): warning C4244: 'argument': conversion from 'int' to 'float', possible loss of data
C:\SP-Project\Flappy-Bird-main\Flappy Bird\Game.cpp(1985,32): warning C4244: 'argument': conversion from 'int' to 'float', possible loss of data
C:\SP-Project\Flappy-Bird-main\Flappy Bird\Game.cpp(1986,29): warning C4305: 'argument': truncation from 'double' to 'float'
C:\SP-Project\Flappy-Bird-main\Flappy Bird\Game.cpp(2046,97): warning C4305: '=': truncation from 'double' to 'float'
C:\SP-Project\Flappy-Bird-main\Flappy Bird\Game.cpp(2092,26): warning C4244: 'argument': conversion from 'int' to 'float', possible loss of data
C:\SP-Project\Flappy-Bird-main\Flappy Bird\Game.cpp(2100,26): warning C4244: 'argument': conversion from 'int' to 'float', possible loss of data
C:\SP-Project\Flappy-Bird-main\Flappy Bird\Game.cpp(2159,30): warning C4244: 'argument': conversion from 'int' to 'float', possible loss of data
C:\SP-Project\Flappy-Bird-main\Flappy Bird\Game.cpp(2159,27): warning C4244: 'argument': conversion from 'int' to 'float', possible loss of data
C:\SP-Project\Flappy-Bird-main\Flappy Bird\Game.cpp(2339,30): warning C4305: 'argument': truncation from 'double' to 'float'
C:\SP-Project\Flappy-Bird-main\Flappy Bird\Game.cpp(2339,24): warning C4305: 'argument': truncation from 'double' to 'float'
C:\SP-Project\Flappy-Bird-main\Flappy Bird\Game.cpp(2351,39): warning C4305: 'argument': truncation from 'double' to 'float'
C:\SP-Project\Flappy-Bird-main\Flappy Bird\Game.cpp(2351,34): warning C4305: 'argument': truncation from 'double' to 'float'
C:\SP-Project\Flappy-Bird-main\Flappy Bird\Game.cpp(2353,31): warning C4305: 'argument': truncation from 'double' to 'float'
C:\SP-Project\Flappy-Bird-main\Flappy Bird\Game.cpp(2353,26): warning C4305: 'argument': truncation from 'double' to 'float'
C:\SP-Project\Flappy-Bird-main\Flappy Bird\Game.cpp(2500,37): warning C4305: 'argument': truncation from 'double' to 'float'
C:\SP-Project\Flappy-Bird-main\Flappy Bird\Game.cpp(2500,32): warning C4305: 'argument': truncation from 'double' to 'float'
C:\SP-Project\Flappy-Bird-main\Flappy Bird\Game.cpp(2686,37): warning C4305: 'argument': truncation from 'double' to 'float'
C:\SP-Project\Flappy-Bird-main\Flappy Bird\Game.cpp(2691,37): warning C4305: 'argument': truncation from 'double' to 'float'
C:\SP-Project\Flappy-Bird-main\Flappy Bird\Game.cpp(2696,37): warning C4305: 'argument': truncation from 'double' to 'float'
C:\SP-Project\Flappy-Bird-main\Flappy Bird\Game.cpp(2701,37): warning C4305: 'argument': truncation from 'double' to 'float'
C:\SP-Project\Flappy-Bird-main\Flappy Bird\Game.cpp(2706,53): warning C4244: 'argument': conversion from 'T' to 'float', possible loss of data
C:\SP-Project\Flappy-Bird-main\Flappy Bird\Game.cpp(2706,53): warning C4244:         with
C:\SP-Project\Flappy-Bird-main\Flappy Bird\Game.cpp(2706,53): warning C4244:         [
C:\SP-Project\Flappy-Bird-main\Flappy Bird\Game.cpp(2706,53): warning C4244:             T=unsigned int
C:\SP-Project\Flappy-Bird-main\Flappy Bird\Game.cpp(2706,53): warning C4244:         ]
C:\SP-Project\Flappy-Bird-main\Flappy Bird\Game.cpp(2757,36): warning C4305: 'argument': truncation from 'double' to 'float'
C:\SP-Project\Flappy-Bird-main\Flappy Bird\Game.cpp(2757,31): warning C4305: 'argument': truncation from 'double' to 'float'
C:\SP-Project\Flappy-Bird-main\Flappy Bird\Game.cpp(2929,32): warning C4305: 'argument': truncation from 'double' to 'float'
C:\SP-Project\Flappy-Bird-main\Flappy Bird\Game.cpp(2929,27): warning C4305: 'argument': truncation from 'double' to 'float'
C:\SP-Project\Flappy-Bird-main\Flappy Bird\Game.cpp(2964,62): warning C4244: 'argument': conversion from 'T' to 'float', possible loss of data
C:\SP-Project\Flappy-Bird-main\Flappy Bird\Game.cpp(2964,62): warning C4244:         with
C:\SP-Project\Flappy-Bird-main\Flappy Bird\Game.cpp(2964,62): warning C4244:         [
C:\SP-Project\Flappy-Bird-main\Flappy Bird\Game.cpp(2964,62): warning C4244:             T=unsigned int
C:\SP-Project\Flappy-Bird-main\Flappy Bird\Game.cpp(2964,62): warning C4244:         ]
C:\SP-Project\Flappy-Bird-main\Flappy Bird\Game.cpp(2965,62): warning C4244: 'argument': conversion from 'T' to 'float', possible loss of data
C:\SP-Project\Flappy-Bird-main\Flappy Bird\Game.cpp(2965,62): warning C4244:         with
C:\SP-Project\Flappy-Bird-main\Flappy Bird\Game.cpp(2965,62): warning C4244:         [
C:\SP-Project\Flappy-Bird-main\Flappy Bird\Game.cpp(2965,62): warning C4244:             T=unsigned int
C:\SP-Project\Flappy-Bird-main\Flappy Bird\Game.cpp(2965,62): warning C4244:         ]
C:\SP-Project\Flappy-Bird-main\Flappy Bird\Game.cpp(2966,62): warning C4244: 'argument': conversion from 'T' to 'float', possible loss of data
C:\SP-Project\Flappy-Bird-main\Flappy Bird\Game.cpp(2966,62): warning C4244:         with
C:\SP-Project\Flappy-Bird-main\Flappy Bird\Game.cpp(2966,62): warning C4244:         [
C:\SP-Project\Flappy-Bird-main\Flappy Bird\Game.cpp(2966,62): warning C4244:             T=unsigned int
C:\SP-Project\Flappy-Bird-main\Flappy Bird\Game.cpp(2966,62): warning C4244:         ]
C:\SP-Project\Flappy-Bird-main\Flappy Bird\Game.cpp(2968,58): warning C4244: 'argument': conversion from 'T' to 'float', possible loss of data
C:\SP-Project\Flappy-Bird-main\Flappy Bird\Game.cpp(2968,58): warning C4244:         with
C:\SP-Project\Flappy-Bird-main\Flappy Bird\Game.cpp(2968,58): warning C4244:         [
C:\SP-Project\Flappy-Bird-main\Flappy Bird\Game.cpp(2968,58): warning C4244:             T=unsigned int
C:\SP-Project\Flappy-Bird-main\Flappy Bird\Game.cpp(2968,58): warning C4244:         ]
C:\SP-Project\Flappy-Bird-main\Flappy Bird\Game.cpp(2969,58): warning C4244: 'argument': conversion from 'T' to 'float', possible loss of data
C:\SP-Project\Flappy-Bird-main\Flappy Bird\Game.cpp(2969,58): warning C4244:         with
C:\SP-Project\Flappy-Bird-main\Flappy Bird\Game.cpp(2969,58): warning C4244:         [
C:\SP-Project\Flappy-Bird-main\Flappy Bird\Game.cpp(2969,58): warning C4244:             T=unsigned int
C:\SP-Project\Flappy-Bird-main\Flappy Bird\Game.cpp(2969,58): warning C4244:         ]
C:\SP-Project\Flappy-Bird-main\Flappy Bird\Game.cpp(2970,58): warning C4244: 'argument': conversion from 'T' to 'float', possible loss of data
C:\SP-Project\Flappy-Bird-main\Flappy Bird\Game.cpp(2970,58): warning C4244:         with
C:\SP-Project\Flappy-Bird-main\Flappy Bird\Game.cpp(2970,58): warning C4244:         [
C:\SP-Project\Flappy-Bird-main\Flappy Bird\Game.cpp(2970,58): warning C4244:             T=unsigned int
C:\SP-Project\Flappy-Bird-main\Flappy Bird\Game.cpp(2970,58): warning C4244:         ]
C:\SP-Project\Flappy-Bird-main\Flappy Bird\Game.cpp(2976,60): warning C4244: 'argument': conversion from 'T' to 'float', possible loss of data
C:\SP-Project\Flappy-Bird-main\Flappy Bird\Game.cpp(2976,60): warning C4244:         with
C:\SP-Project\Flappy-Bird-main\Flappy Bird\Game.cpp(2976,60): warning C4244:         [
C:\SP-Project\Flappy-Bird-main\Flappy Bird\Game.cpp(2976,60): warning C4244:             T=unsigned int
C:\SP-Project\Flappy-Bird-main\Flappy Bird\Game.cpp(2976,60): warning C4244:         ]
C:\SP-Project\Flappy-Bird-main\Flappy Bird\Game.cpp(2977,60): warning C4244: 'argument': conversion from 'T' to 'float', possible loss of data
C:\SP-Project\Flappy-Bird-main\Flappy Bird\Game.cpp(2977,60): warning C4244:         with
C:\SP-Project\Flappy-Bird-main\Flappy Bird\Game.cpp(2977,60): warning C4244:         [
C:\SP-Project\Flappy-Bird-main\Flappy Bird\Game.cpp(2977,60): warning C4244:             T=unsigned int
C:\SP-Project\Flappy-Bird-main\Flappy Bird\Game.cpp(2977,60): warning C4244:         ]
C:\SP-Project\Flappy-Bird-main\Flappy Bird\Game.cpp(2978,60): warning C4244: 'argument': conversion from 'T' to 'float', possible loss of data
C:\SP-Project\Flappy-Bird-main\Flappy Bird\Game.cpp(2978,60): warning C4244:         with
C:\SP-Project\Flappy-Bird-main\Flappy Bird\Game.cpp(2978,60): warning C4244:         [
C:\SP-Project\Flappy-Bird-main\Flappy Bird\Game.cpp(2978,60): warning C4244:             T=unsigned int
C:\SP-Project\Flappy-Bird-main\Flappy Bird\Game.cpp(2978,60): warning C4244:         ]
C:\SP-Project\Flappy-Bird-main\Flappy Bird\Game.cpp(3087,33): warning C4305: 'argument': truncation from 'double' to 'float'
C:\SP-Project\Flappy-Bird-main\Flappy Bird\Game.cpp(3087,28): warning C4305: 'argument': truncation from 'double' to 'float'
C:\SP-Project\Flappy-Bird-main\Flappy Bird\Game.cpp(3090,32): warning C4305: 'argument': truncation from 'double' to 'float'
C:\SP-Project\Flappy-Bird-main\Flappy Bird\Game.cpp(3090,27): warning C4305: 'argument': truncation from 'double' to 'float'
C:\SP-Project\Flappy-Bird-main\Flappy Bird\Game.cpp(3262,15): warning C4244: 'argument': conversion from 'time_t' to 'unsigned int', possible loss of data
  Flappy Bird.vcxproj -> C:\SP-Project\Flappy-Bird-main\x64\Debug\Flappy Bird.exe
